0 info it worked if it ends with ok
1 verbose cli [ 'D:\\NodeJs\\node.exe',
1 verbose cli   'D:\\NodeJs\\node_modules\\npm\\bin\\npm-cli.js',
1 verbose cli   'run',
1 verbose cli   'bundle' ]
2 info using npm@3.10.10
3 info using node@v6.10.2
4 verbose run-script [ 'prebundle', 'bundle', 'postbundle' ]
5 info lifecycle spring-boot-react-starter@1.0.0~prebundle: spring-boot-react-starter@1.0.0
6 silly lifecycle spring-boot-react-starter@1.0.0~prebundle: no script for prebundle, continuing
7 info lifecycle spring-boot-react-starter@1.0.0~bundle: spring-boot-react-starter@1.0.0
8 verbose lifecycle spring-boot-react-starter@1.0.0~bundle: unsafe-perm in lifecycle true
9 verbose lifecycle spring-boot-react-starter@1.0.0~bundle: PATH: D:\NodeJs\node_modules\npm\bin\node-gyp-bin;D:\JAVA\project\spring-react-starter\node_modules\.bin;C:\ProgramData\Oracle\Java\javapath;C:\Program Files (x86)\Intel\iCLS Client\;C:\Program Files\Intel\iCLS Client\;C:\Windows\system32;C:\Windows;C:\Windows\System32\Wbem;C:\Windows\System32\WindowsPowerShell\v1.0\;C:\Program Files\Intel\Intel(R) Management Engine Components\DAL;C:\Program Files\Intel\Intel(R) Management Engine Components\IPT;C:\Program Files (x86)\Intel\Intel(R) Management Engine Components\DAL;C:\Program Files (x86)\Intel\Intel(R) Management Engine Components\IPT;D:\wamp\bin\php\php5.6.19;C:\ProgramData\ComposerSetup\bin;C:\Program Files (x86)\Microsoft SQL Server\90\Tools\binn;D:\NodeJs\;D:\JAVA\git\Git\cmd;C:\Users\Bensolo\AppData\Roaming\Composer\vendor\bin;D:\JAVA\jdk\bin;D:\JAVA\maven\apache-maven-3.3.9\bin;C:\Users\Bensolo\AppData\Roaming\npm
10 verbose lifecycle spring-boot-react-starter@1.0.0~bundle: CWD: D:\JAVA\project\spring-react-starter
11 silly lifecycle spring-boot-react-starter@1.0.0~bundle: Args: [ '/d /s /c', 'webpack --config webpack.config.js' ]
12 silly lifecycle spring-boot-react-starter@1.0.0~bundle: Returned: code: 3221225786  signal: null
13 info lifecycle spring-boot-react-starter@1.0.0~bundle: Failed to exec bundle script
14 verbose stack Error: spring-boot-react-starter@1.0.0 bundle: `webpack --config webpack.config.js`
14 verbose stack Exit status 3221225786
14 verbose stack     at EventEmitter.<anonymous> (D:\NodeJs\node_modules\npm\lib\utils\lifecycle.js:255:16)
14 verbose stack     at emitTwo (events.js:106:13)
14 verbose stack     at EventEmitter.emit (events.js:191:7)
14 verbose stack     at ChildProcess.<anonymous> (D:\NodeJs\node_modules\npm\lib\utils\spawn.js:40:14)
14 verbose stack     at emitTwo (events.js:106:13)
14 verbose stack     at ChildProcess.emit (events.js:191:7)
14 verbose stack     at maybeClose (internal/child_process.js:886:16)
14 verbose stack     at Process.ChildProcess._handle.onexit (internal/child_process.js:226:5)
15 verbose pkgid spring-boot-react-starter@1.0.0
16 verbose cwd D:\JAVA\project\spring-react-starter
17 error Windows_NT 6.3.9600
18 error argv "D:\\NodeJs\\node.exe" "D:\\NodeJs\\node_modules\\npm\\bin\\npm-cli.js" "run" "bundle"
19 error node v6.10.2
20 error npm  v3.10.10
21 error code ELIFECYCLE
22 error spring-boot-react-starter@1.0.0 bundle: `webpack --config webpack.config.js`
22 error Exit status 3221225786
23 error Failed at the spring-boot-react-starter@1.0.0 bundle script 'webpack --config webpack.config.js'.
23 error Make sure you have the latest version of node.js and npm installed.
23 error If you do, this is most likely a problem with the spring-boot-react-starter package,
23 error not with npm itself.
23 error Tell the author that this fails on your system:
23 error     webpack --config webpack.config.js
23 error You can get information on how to open an issue for this project with:
23 error     npm bugs spring-boot-react-starter
23 error Or if that isn't available, you can get their info via:
23 error     npm owner ls spring-boot-react-starter
23 error There is likely additional logging output above.
24 verbose exit [ 1, true ]
